<?xml version="1.0" encoding="UTF-8"?>
<!-- Generated by org.testng.reporters.JUnitReportReporter -->
<testsuite hostname="DESKTOP-AKDVA40" failures="0" tests="1" name="script.DemoTest" time="16.837" errors="0" timestamp="2023-09-13T20:48:22 IST" skipped="0">
  <testcase classname="script.DemoTest" name="testA" time="16.837">
    <system-out>
      <![CDATA[actiTIME - Login
RC:3
CC:3
valueBhanu]]>
    </system-out>
  </testcase> <!-- testA -->
  <system-out>
    <![CDATA[actiTIME - Login
RC:3
CC:3
valueBhanu
actiTIME - Login
Home Page is NOT displayed]]>
  </system-out>
</testsuite> <!-- script.DemoTest -->
