<?xml version="1.0" encoding="UTF-8"?>
<!-- Generated by org.testng.reporters.JUnitReportReporter -->
<testsuite hostname="DESKTOP-AKDVA40" failures="0" tests="1" name="script.ValidLogin" time="18.379" errors="0" timestamp="2023-09-14T20:09:16 IST" skipped="0">
  <testcase classname="script.ValidLogin" name="testValidLogin" time="18.379">
    <system-out>
      <![CDATA[Home Page is displayed]]>
    </system-out>
  </testcase> <!-- testValidLogin -->
  <system-out>
    <![CDATA[Err Msg is displayed
Home Page is displayed]]>
  </system-out>
</testsuite> <!-- script.ValidLogin -->
