<?xml version="1.0" encoding="UTF-8"?>
<!-- Generated by org.testng.reporters.JUnitReportReporter -->
<testsuite hostname="DESKTOP-AKDVA40" failures="0" tests="1" name="script.InvalidLogin" time="17.164" errors="0" timestamp="2023-09-14T20:09:16 IST" skipped="0">
  <testcase classname="script.InvalidLogin" name="testInvalidLogin" time="17.164">
    <system-out>
      <![CDATA[Err Msg is displayed]]>
    </system-out>
  </testcase> <!-- testInvalidLogin -->
  <system-out>
    <![CDATA[Err Msg is displayed
Home Page is displayed]]>
  </system-out>
</testsuite> <!-- script.InvalidLogin -->
